[debug] [2022-06-28T06:57:17.077Z] ----------------------------------------------------------------------
[debug] [2022-06-28T06:57:17.079Z] Command:       C:\Program Files\nodejs\node.exe C:\Users\77752\AppData\Roaming\npm\node_modules\firebase-tools\lib\bin\firebase.js init
[debug] [2022-06-28T06:57:17.080Z] CLI Version:   11.1.0
[debug] [2022-06-28T06:57:17.080Z] Platform:      win32
[debug] [2022-06-28T06:57:17.080Z] Node Version:  v16.15.0
[debug] [2022-06-28T06:57:17.081Z] Time:          Tue Jun 28 2022 12:57:17 GMT+0600 (East Kazakhstan Time)
[debug] [2022-06-28T06:57:17.082Z] ----------------------------------------------------------------------
[debug] 
[debug] [2022-06-28T06:57:17.089Z] > command requires scopes: ["email","openid","https://www.googleapis.com/auth/cloudplatformprojects.readonly","https://www.googleapis.com/auth/firebase","https://www.googleapis.com/auth/cloud-platform"]
[debug] [2022-06-28T06:57:17.090Z] > authorizing via signed-in user (yelzhanu@gmail.com)
[info] 
     ######## #### ########  ######## ########     ###     ######  ########
     ##        ##  ##     ## ##       ##     ##  ##   ##  ##       ##
     ######    ##  ########  ######   ########  #########  ######  ######
     ##        ##  ##    ##  ##       ##     ## ##     ##       ## ##
     ##       #### ##     ## ######## ########  ##     ##  ######  ########

You're about to initialize a Firebase project in this directory:

  C:\Users\77752\OneDrive\Рабочий стол\Projects\Builds\samgau-clone

[info] 
=== Project Setup
[info] 
[info] First, let's associate this project directory with a Firebase project.
[info] You can create multiple project aliases by running firebase use --add, 
[info] but for now we'll just set up a default project.
[info] 
[debug] [2022-06-28T06:57:31.727Z] > refreshing access token with scopes: []
[debug] [2022-06-28T06:57:31.728Z] >>> [apiv2][query] POST https://www.googleapis.com/oauth2/v3/token [none]
[debug] [2022-06-28T06:57:31.729Z] >>> [apiv2][body] POST https://www.googleapis.com/oauth2/v3/token [omitted]
[debug] [2022-06-28T06:57:32.061Z] <<< [apiv2][status] POST https://www.googleapis.com/oauth2/v3/token 200
[debug] [2022-06-28T06:57:32.061Z] <<< [apiv2][body] POST https://www.googleapis.com/oauth2/v3/token [omitted]
[debug] [2022-06-28T06:57:32.072Z] >>> [apiv2][query] GET https://firebase.googleapis.com/v1beta1/projects pageSize=100
[debug] [2022-06-28T06:57:32.757Z] <<< [apiv2][status] GET https://firebase.googleapis.com/v1beta1/projects 200
[debug] [2022-06-28T06:57:32.757Z] <<< [apiv2][body] GET https://firebase.googleapis.com/v1beta1/projects [omitted]
[info] i  Using project samgau-clone (samgau-clone) 
[info] 
=== Hosting Setup
[info] 
[info] Your public directory is the folder (relative to your project directory) that
[info] will contain Hosting assets to be uploaded with firebase deploy. If you
[info] have a build process for your assets, use your build's output directory.
[info] 
[debug] [2022-06-28T06:58:19.141Z] >>> [apiv2][query] GET https://www.gstatic.com/firebasejs/releases.json [none]
[debug] [2022-06-28T06:58:19.376Z] <<< [apiv2][status] GET https://www.gstatic.com/firebasejs/releases.json 200
[debug] [2022-06-28T06:58:19.376Z] <<< [apiv2][body] GET https://www.gstatic.com/firebasejs/releases.json {"current":{"version":"9.8.4","browserURL":"https://www.gstatic.com/firebasejs/9.8.4/firebase.js","packageURL":"https://www.gstatic.com/firebasejs/9.8.4/firebase.tgz"},"live":{"version":"9.8","browserURL":"https://www.gstatic.com/firebasejs/live/9.8/firebase.js","packageURL":"https://www.gstatic.com/firebasejs/live/9.8/firebase.tgz"},"components":{"analytics":"https://www.gstatic.com/firebasejs/9.8.4/firebase-analytics.js","app":"https://www.gstatic.com/firebasejs/9.8.4/firebase-app.js","app-check":"https://www.gstatic.com/firebasejs/9.8.4/firebase-app-check.js","auth":"https://www.gstatic.com/firebasejs/9.8.4/firebase-auth.js","auth/cordova":"https://www.gstatic.com/firebasejs/9.8.4/firebase-auth/cordova.js","auth/react-native":"https://www.gstatic.com/firebasejs/9.8.4/firebase-auth/react-native.js","functions":"https://www.gstatic.com/firebasejs/9.8.4/firebase-functions.js","firestore":"https://www.gstatic.com/firebasejs/9.8.4/firebase-firestore.js","firestore/lite":"https://www.gstatic.com/firebasejs/9.8.4/firebase-firestore/lite.js","storage":"https://www.gstatic.com/firebasejs/9.8.4/firebase-storage.js","performance":"https://www.gstatic.com/firebasejs/9.8.4/firebase-performance.js","remote-config":"https://www.gstatic.com/firebasejs/9.8.4/firebase-remote-config.js","messaging":"https://www.gstatic.com/firebasejs/9.8.4/firebase-messaging.js","messaging/sw":"https://www.gstatic.com/firebasejs/9.8.4/firebase-messaging/sw.js","database":"https://www.gstatic.com/firebasejs/9.8.4/firebase-database.js","firestore.memory":"https://www.gstatic.com/firebasejs/9.8.4/firebase-firestore.memory.js"}}
[info] +  Wrote build/index.html 
[info] 
[info] i  Detected a .git folder at C:\Users\77752\OneDrive\Рабочий стол\Projects\Builds\samgau-clone 
[info] i  Authorizing with GitHub to upload your service account to a GitHub repository's secrets store. 
[info] 
[info] Visit this URL on this device to log in:
[info] https://github.com/login/oauth/authorize?client_id=89cf50f02ac6aaed3484&state=648126164&redirect_uri=http%3A%2F%2Flocalhost%3A9005&scope=read%3Auser%20repo%20public_repo
[info] 
[info] Waiting for authentication...
[debug] [2022-06-28T06:58:20.485Z] >>> [apiv2][query] POST https://github.com/login/oauth/access_token [none]
[debug] [2022-06-28T06:58:20.486Z] >>> [apiv2][body] POST https://github.com/login/oauth/access_token [stream]
[debug] [2022-06-28T06:58:20.930Z] <<< [apiv2][status] POST https://github.com/login/oauth/access_token 200
[debug] [2022-06-28T06:58:20.930Z] <<< [apiv2][body] POST https://github.com/login/oauth/access_token {"access_token":"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","token_type":"bearer","scope":"read:user,repo"}
[debug] [2022-06-28T06:58:20.936Z] >>> [apiv2][query] GET https://api.github.com/user [none]
[debug] [2022-06-28T06:58:21.445Z] <<< [apiv2][status] GET https://api.github.com/user 200
[debug] [2022-06-28T06:58:21.446Z] <<< [apiv2][body] GET https://api.github.com/user {"login":"Ye1eke","id":104549101,"node_id":"U_kgDOBjtK7Q","avatar_url":"https://avatars.githubusercontent.com/u/104549101?v=4","gravatar_id":"","url":"https://api.github.com/users/Ye1eke","html_url":"https://github.com/Ye1eke","followers_url":"https://api.github.com/users/Ye1eke/followers","following_url":"https://api.github.com/users/Ye1eke/following{/other_user}","gists_url":"https://api.github.com/users/Ye1eke/gists{/gist_id}","starred_url":"https://api.github.com/users/Ye1eke/starred{/owner}{/repo}","subscriptions_url":"https://api.github.com/users/Ye1eke/subscriptions","organizations_url":"https://api.github.com/users/Ye1eke/orgs","repos_url":"https://api.github.com/users/Ye1eke/repos","events_url":"https://api.github.com/users/Ye1eke/events{/privacy}","received_events_url":"https://api.github.com/users/Ye1eke/received_events","type":"User","site_admin":false,"name":"Yelzhan Umbetov","company":null,"blog":"","location":null,"email":null,"hireable":null,"bio":null,"twitter_username":null,"public_repos":6,"public_gists":0,"followers":1,"following":2,"created_at":"2022-04-28T05:10:57Z","updated_at":"2022-06-24T04:15:17Z","private_gists":0,"total_private_repos":0,"owned_private_repos":0,"disk_usage":3167,"collaborators":0,"two_factor_authentication":false,"plan":{"name":"free","space":976562499,"collaborators":0,"private_repos":10000}}
[info] 
[info] +  Success! Logged into GitHub as Ye1eke 
[info] 
